2024-06-02 01:16:45,680 - autotasker - DEBUG - Processing...
2024-06-02 01:16:46,891 - autotasker - DEBUG - Processing...
2024-06-02 01:16:46,996 - autotasker - DEBUG - Could not understand the command, please try again.
2024-06-02 01:16:46,997 - autotasker - DEBUG - Listening for commands...
2024-06-02 01:16:48,230 - autotasker - DEBUG - Could not understand the command, please try again.
2024-06-02 01:16:48,232 - autotasker - DEBUG - Listening for commands...
2024-06-02 01:16:51,890 - autotasker - DEBUG - Processing...
2024-06-02 01:16:52,957 - autotasker - DEBUG - Could not understand the command, please try again.
2024-06-02 01:16:52,958 - autotasker - DEBUG - Listening for commands...
2024-06-02 01:16:53,252 - autotasker - DEBUG - Processing...
2024-06-02 01:16:54,371 - autotasker - DEBUG - Could not understand the command, please try again.
2024-06-02 01:16:54,371 - autotasker - DEBUG - Listening for commands...
2024-06-02 01:16:57,970 - autotasker - DEBUG - Processing...
2024-06-02 01:16:59,177 - autotasker - DEBUG - Could not understand the command, please try again.
2024-06-02 01:16:59,178 - autotasker - DEBUG - Listening for commands...
2024-06-02 01:16:59,393 - autotasker - DEBUG - Processing...
2024-06-02 01:17:00,472 - autotasker - DEBUG - Could not understand the command, please try again.
2024-06-02 01:17:00,472 - autotasker - DEBUG - Listening for commands...
2024-06-02 01:17:04,070 - autotasker - DEBUG - Processing...
2024-06-02 01:17:05,364 - autotasker - DEBUG - Could not understand the command, please try again.
2024-06-02 01:17:05,364 - autotasker - DEBUG - Listening for commands...
2024-06-02 01:17:05,560 - autotasker - DEBUG - Processing...
2024-06-02 01:17:06,886 - autotasker - DEBUG - Could not understand the command, please try again.
2024-06-02 01:17:06,886 - autotasker - DEBUG - Listening for commands...
2024-06-02 01:17:10,260 - autotasker - DEBUG - Processing...
2024-06-02 01:17:11,022 - autotasker - DEBUG - Processing...
2024-06-02 01:17:11,397 - autotasker - DEBUG - Could not understand the command, please try again.
2024-06-02 01:17:11,397 - autotasker - DEBUG - Listening for commands...
2024-06-02 01:17:11,993 - autotasker - DEBUG - Could not understand the command, please try again.
2024-06-02 01:17:11,994 - autotasker - DEBUG - Listening for commands...
2024-06-02 01:17:16,339 - autotasker - DEBUG - Processing...
2024-06-02 01:17:16,919 - autotasker - DEBUG - Processing...
2024-06-02 01:17:17,569 - autotasker - DEBUG - Could not understand the command, please try again.
2024-06-02 01:17:17,570 - autotasker - DEBUG - Listening for commands...
2024-06-02 01:17:17,673 - autotasker - DEBUG - Could not understand the command, please try again.
2024-06-02 01:17:17,674 - autotasker - DEBUG - Listening for commands...
2024-06-02 01:17:22,461 - autotasker - DEBUG - Processing...
2024-06-02 01:17:22,572 - autotasker - DEBUG - Processing...
2024-06-02 01:17:23,680 - autotasker - DEBUG - Could not understand the command, please try again.
2024-06-02 01:17:23,681 - autotasker - DEBUG - Listening for commands...
2024-06-02 01:17:23,751 - autotasker - DEBUG - Could not understand the command, please try again.
2024-06-02 01:17:23,752 - autotasker - DEBUG - Listening for commands...
2024-06-02 01:17:28,625 - autotasker - DEBUG - Processing...
2024-06-02 01:17:28,753 - autotasker - DEBUG - Processing...
2024-06-02 01:17:29,902 - autotasker - DEBUG - Could not understand the command, please try again.
2024-06-02 01:17:29,903 - autotasker - DEBUG - Listening for commands...
2024-06-02 01:17:30,240 - autotasker - DEBUG - Could not understand the command, please try again.
2024-06-02 01:17:30,241 - autotasker - DEBUG - Listening for commands...
2024-06-02 01:17:35,075 - autotasker - DEBUG - Processing...
2024-06-02 01:17:35,177 - autotasker - DEBUG - Processing...
2024-06-02 01:17:36,222 - autotasker - DEBUG - Could not understand the command, please try again.
2024-06-02 01:17:36,223 - autotasker - DEBUG - Listening for commands...
2024-06-02 01:17:36,372 - autotasker - DEBUG - Could not understand the command, please try again.
2024-06-02 01:17:36,373 - autotasker - DEBUG - Listening for commands...
2024-06-02 01:17:41,215 - autotasker - DEBUG - Processing...
2024-06-02 01:17:41,268 - autotasker - DEBUG - Processing...
2024-06-02 01:17:42,334 - autotasker - DEBUG - Could not understand the command, please try again.
2024-06-02 01:17:42,335 - autotasker - DEBUG - Listening for commands...
2024-06-02 01:17:42,566 - autotasker - DEBUG - Could not understand the command, please try again.
2024-06-02 01:17:42,567 - autotasker - DEBUG - Listening for commands...
2024-06-02 01:17:47,232 - autotasker - DEBUG - Processing...
2024-06-02 01:17:47,466 - autotasker - DEBUG - Processing...
2024-06-02 01:17:48,409 - autotasker - DEBUG - Could not understand the command, please try again.
2024-06-02 01:17:48,409 - autotasker - DEBUG - Listening for commands...
2024-06-02 01:17:48,934 - autotasker - DEBUG - Could not understand the command, please try again.
2024-06-02 01:17:48,934 - autotasker - DEBUG - Listening for commands...
2024-06-02 01:17:53,302 - autotasker - DEBUG - Processing...
2024-06-02 01:17:53,832 - autotasker - DEBUG - Processing...
2024-06-02 01:17:54,489 - autotasker - DEBUG - Could not understand the command, please try again.
2024-06-02 01:17:54,489 - autotasker - DEBUG - Listening for commands...
2024-06-02 01:17:54,948 - autotasker - DEBUG - Could not understand the command, please try again.
2024-06-02 01:17:54,949 - autotasker - DEBUG - Listening for commands...
2024-06-02 01:17:59,411 - autotasker - DEBUG - Processing...
2024-06-02 01:17:59,841 - autotasker - DEBUG - Processing...
2024-06-02 01:18:00,516 - autotasker - DEBUG - Could not understand the command, please try again.
2024-06-02 01:18:00,517 - autotasker - DEBUG - Listening for commands...
2024-06-02 01:18:01,226 - autotasker - DEBUG - Could not understand the command, please try again.
2024-06-02 01:18:01,226 - autotasker - DEBUG - Listening for commands...
2024-06-02 01:21:14,741 - autotasker - DEBUG - Listening for commands...
2024-06-02 01:21:19,533 - autotasker - DEBUG - Processing...
2024-06-02 01:21:21,201 - autotasker - DEBUG - Could not understand the command, please try again.
2024-06-02 01:21:21,202 - autotasker - DEBUG - Listening for commands...
2024-06-02 01:21:23,777 - autotasker - DEBUG - Processing...
2024-06-02 01:21:24,610 - autotasker - DEBUG - Could not understand the command, please try again.
2024-06-02 01:21:24,612 - autotasker - DEBUG - Listening for commands...
2024-06-02 01:21:26,958 - autotasker - DEBUG - Processing...
2024-06-02 01:21:27,877 - autotasker - DEBUG - Could not understand the command, please try again.
2024-06-02 01:21:27,878 - autotasker - DEBUG - Listening for commands...
2024-06-02 01:21:30,412 - autotasker - DEBUG - Processing...
2024-06-02 01:21:31,329 - autotasker - DEBUG - Could not understand the command, please try again.
2024-06-02 01:21:31,330 - autotasker - DEBUG - Listening for commands...
2024-06-02 01:21:33,866 - autotasker - DEBUG - Processing...
2024-06-02 01:21:34,920 - autotasker - DEBUG - Could not understand the command, please try again.
2024-06-02 01:21:34,921 - autotasker - DEBUG - Listening for commands...
2024-06-02 01:24:07,688 - autotasker - DEBUG - Listening for commands...
2024-06-02 01:24:12,129 - autotasker - DEBUG - Processing...
2024-06-02 01:24:13,960 - autotasker - DEBUG - Could not understand the command, please try again.
2024-06-02 01:24:13,960 - autotasker - DEBUG - Listening for commands...
2024-06-02 01:24:22,083 - autotasker - DEBUG - Processing...
2024-06-02 01:24:23,517 - autotasker - DEBUG - Could not understand the command, please try again.
2024-06-02 01:24:23,518 - autotasker - DEBUG - Listening for commands...
2024-06-02 01:24:28,881 - autotasker - DEBUG - Processing...
2024-06-02 01:24:30,186 - autotasker - DEBUG - Could not understand the command, please try again.
2024-06-02 01:24:30,187 - autotasker - DEBUG - Listening for commands...
2024-06-02 01:24:35,269 - autotasker - DEBUG - Processing...
2024-06-02 01:24:36,627 - autotasker - DEBUG - Could not understand the command, please try again.
2024-06-02 01:24:36,628 - autotasker - DEBUG - Listening for commands...
2024-06-02 01:24:41,522 - autotasker - DEBUG - Processing...
2024-06-02 01:24:42,926 - autotasker - DEBUG - Could not understand the command, please try again.
2024-06-02 01:24:42,928 - autotasker - DEBUG - Listening for commands...
2024-06-02 01:24:47,871 - autotasker - DEBUG - Processing...
2024-06-02 01:24:49,051 - autotasker - DEBUG - Could not understand the command, please try again.
2024-06-02 01:24:49,051 - autotasker - DEBUG - Listening for commands...
2024-06-02 01:24:51,856 - autotasker - DEBUG - Processing...
2024-06-02 01:24:52,248 - autotasker - DEBUG - Could not understand the command, please try again.
2024-06-02 01:24:52,249 - autotasker - DEBUG - Listening for commands...
2024-06-02 01:24:58,586 - autotasker - DEBUG - Listening for commands...
2024-06-02 01:25:03,612 - autotasker - DEBUG - Processing...
2024-06-02 01:25:05,532 - autotasker - DEBUG - You said: are you still listening
2024-06-02 01:25:05,533 - autotasker - DEBUG - An error occurred: 'str' object has no attribute 'toLowerCase'
2024-06-02 01:25:05,534 - autotasker - DEBUG - Listening for commands...
2024-06-02 01:25:06,672 - autotasker - DEBUG - Processing...
2024-06-02 01:25:07,380 - autotasker - DEBUG - Could not understand the command, please try again.
2024-06-02 01:25:07,382 - autotasker - DEBUG - Listening for commands...
2024-06-02 01:25:14,467 - autotasker - DEBUG - Processing...
2024-06-02 01:25:15,529 - autotasker - DEBUG - Could not understand the command, please try again.
2024-06-02 01:25:15,530 - autotasker - DEBUG - Listening for commands...
